Using pre-set license
Built from '2020.3/release' branch; Version is '2020.3.7f1 (dd97f2c94397) revision 14522354'; Using compiler version '192528614'; Build Type 'Release'
OS: 'Windows 10 Home; OS build 22000.556; Version 2009; 64bit' Language: 'en' Physical Memory: 16145 MB
BatchMode: 1, IsHumanControllingUs: 0, StartBugReporterOnCrash: 0, Is64bit: 1, IsPro: 0

 COMMAND LINE ARGUMENTS:
C:\Program Files\Unity\Hub\Editor\2020.3.7f1\Editor\Unity.exe
-adb2
-batchMode
-noUpm
-name
AssetImportWorker0
-projectPath
C:/Users/gavin/UniYear1/Unity/GDW-Final/2D GDW PROJECT
-logFile
Logs/AssetImportWorker0.log
-srvPort
64429
Successfully changed project path to: C:/Users/gavin/UniYear1/Unity/GDW-Final/2D GDW PROJECT
C:/Users/gavin/UniYear1/Unity/GDW-Final/2D GDW PROJECT
Using Asset Import Pipeline V2.
Refreshing native plugins compatible for Editor in 33.72 ms, found 1 plugins.
Preloading 0 native plugins for Editor in 0.00 ms.
Initialize engine version: 2020.3.7f1 (dd97f2c94397)
[Subsystems] Discovering subsystems at path C:/Program Files/Unity/Hub/Editor/2020.3.7f1/Editor/Data/Resources/UnitySubsystems
[Subsystems] Discovering subsystems at path C:/Users/gavin/UniYear1/Unity/GDW-Final/2D GDW PROJECT/Assets
GfxDevice: creating device client; threaded=0
Direct3D:
    Version:  Direct3D 11.0 [level 11.1]
    Renderer: NVIDIA GeForce RTX 2060 (ID=0x1f15)
    Vendor:   
    VRAM:     5980 MB
    Driver:   30.0.14.7135
Initialize mono
Mono path[0] = 'C:/Program Files/Unity/Hub/Editor/2020.3.7f1/Editor/Data/Managed'
Mono path[1] = 'C:/Program Files/Unity/Hub/Editor/2020.3.7f1/Editor/Data/MonoBleedingEdge/lib/mono/unityjit'
Mono config path = 'C:/Program Files/Unity/Hub/Editor/2020.3.7f1/Editor/Data/MonoBleedingEdge/etc'
Using monoOptions --debugger-agent=transport=dt_socket,embedding=1,server=y,suspend=n,address=127.0.0.1:56804
Begin MonoManager ReloadAssembly
Registering precompiled unity dll's ...
Register platform support module: C:/Program Files/Unity/Hub/Editor/2020.3.7f1/Editor/Data/PlaybackEngines/WindowsStandaloneSupport/UnityEditor.WindowsStandalone.Extensions.dll
Registered in 0.001035 seconds.
Native extension for WindowsStandalone target not found
Refreshing native plugins compatible for Editor in 32.29 ms, found 1 plugins.
Preloading 0 native plugins for Editor in 0.00 ms.
Mono: successfully reloaded assembly
- Completed reload, in  0.782 seconds
Platform modules already initialized, skipping
Registering precompiled user dll's ...
Registered in 0.000745 seconds.
Begin MonoManager ReloadAssembly
Native extension for WindowsStandalone target not found
Refreshing native plugins compatible for Editor in 33.25 ms, found 1 plugins.
Preloading 0 native plugins for Editor in 0.00 ms.
Mono: successfully reloaded assembly
- Completed reload, in  0.835 seconds
Platform modules already initialized, skipping
========================================================================
Worker process is ready to serve import requests
Launched and connected shader compiler UnityShaderCompiler.exe after 0.04 seconds
Refreshing native plugins compatible for Editor in 0.43 ms, found 1 plugins.
Preloading 0 native plugins for Editor in 0.00 ms.
Unloading 1967 Unused Serialized files (Serialized files now loaded: 0)
System memory in use before: 90.4 MB.
System memory in use after: 90.3 MB.

Unloading 24 unused Assets to reduce memory usage. Loaded Objects now: 2413.
Total: 2.092100 ms (FindLiveObjects: 0.341800 ms CreateObjectMapping: 0.154800 ms MarkObjects: 1.493600 ms  DeleteObjects: 0.100700 ms)

========================================================================
Received Import Request.
  path: Assets/Sprite drank
  artifactKey: Guid(252b0b1af920879459a36dda2d7e97b4) Importer(815301076,1909f56bfc062723c751e8b465ee728b)
Start importing Assets/Sprite drank using Guid(252b0b1af920879459a36dda2d7e97b4) Importer(815301076,1909f56bfc062723c751e8b465ee728b)  -> (artifact id: '09562367e360dba13f834c2d8b22f65c') in 0.007454 seconds
  Import took 0.010223 seconds .

========================================================================
Received Import Request.
  Time since last request: 10.674349 seconds.
  path: Assets/Sprite drank/Sprite_Sheet 1.png
  artifactKey: Guid(14028921e3eedbe42a05bb6f41fb2d2c) Importer(815301076,1909f56bfc062723c751e8b465ee728b)
Start importing Assets/Sprite drank/Sprite_Sheet 1.png using Guid(14028921e3eedbe42a05bb6f41fb2d2c) Importer(815301076,1909f56bfc062723c751e8b465ee728b)  -> (artifact id: '192cb663c48c9058be814152e135f581') in 0.083500 seconds
  Import took 0.086259 seconds .

========================================================================
Received Import Request.
  Time since last request: 196.304280 seconds.
  path: Assets/Sprite drank/Sprite_Sheet.png
  artifactKey: Guid(5d2bb5a82efab4c44ab4cfa4c41af628) Importer(815301076,1909f56bfc062723c751e8b465ee728b)
Start importing Assets/Sprite drank/Sprite_Sheet.png using Guid(5d2bb5a82efab4c44ab4cfa4c41af628) Importer(815301076,1909f56bfc062723c751e8b465ee728b)  -> (artifact id: 'f2d2259827de0e9a1e3ae1414d88f3dc') in 0.097564 seconds
  Import took 0.100984 seconds .

AssetImportWorkerClient::OnTransportError - code=2 error=End of file
